mode: set
D:\go\helloworld\helloworld\go_adv\c1\greeter.go:21.30,23.2 1 1
D:\go\helloworld\helloworld\go_adv\c1\greeter.go:25.56,31.38 5 1
D:\go\helloworld\helloworld\go_adv\c1\greeter.go:31.38,33.3 1 0
D:\go\helloworld\helloworld\go_adv\c1\greeter.go:34.2,35.20 2 1
D:\go\helloworld\helloworld\go_adv\c1\greeter.go:35.20,37.3 1 1
D:\go\helloworld\helloworld\go_adv\c1\greeter.go:38.2,38.18 1 1
D:\go\helloworld\helloworld\go_adv\c1\greeter.go:41.47,45.20 4 1
D:\go\helloworld\helloworld\go_adv\c1\greeter.go:45.20,47.3 1 1
D:\go\helloworld\helloworld\go_adv\c1\greeter.go:49.2,49.44 1 1
D:\go\helloworld\helloworld\go_adv\c1\greeter.go:49.44,52.3 2 1
D:\go\helloworld\helloworld\go_adv\c1\greeter.go:53.2,54.16 2 1
D:\go\helloworld\helloworld\go_adv\c1\greeter.go:54.16,56.3 1 1
D:\go\helloworld\helloworld\go_adv\c1\greeter.go:57.2,58.15 2 1
D:\go\helloworld\helloworld\go_adv\c1\greeter.go:61.35,62.23 1 1
D:\go\helloworld\helloworld\go_adv\c1\greeter.go:62.23,64.3 1 1
D:\go\helloworld\helloworld\go_adv\c1\greeter.go:65.2,65.12 1 1
D:\go\helloworld\helloworld\go_adv\c1\greeter.go:68.55,69.18 1 1
D:\go\helloworld\helloworld\go_adv\c1\greeter.go:69.18,72.3 2 1
D:\go\helloworld\helloworld\go_adv\c1\greeter.go:74.2,75.16 2 1
D:\go\helloworld\helloworld\go_adv\c1\greeter.go:75.16,77.3 1 1
D:\go\helloworld\helloworld\go_adv\c1\greeter.go:78.2,79.12 2 1
D:\go\helloworld\helloworld\go_adv\c1\greeter.go:82.52,84.34 2 1
D:\go\helloworld\helloworld\go_adv\c1\greeter.go:84.34,86.3 1 1
D:\go\helloworld\helloworld\go_adv\c1\greeter.go:89.13,91.16 2 0
D:\go\helloworld\helloworld\go_adv\c1\greeter.go:91.16,95.3 3 0
D:\go\helloworld\helloworld\go_adv\c1\greeter.go:96.2,97.16 2 0
D:\go\helloworld\helloworld\go_adv\c1\greeter.go:97.16,101.3 3 0
D:\go\helloworld\helloworld\go_adv\c1\greeter.go:102.2,103.16 2 0
D:\go\helloworld\helloworld\go_adv\c1\greeter.go:103.16,106.3 2 0
